[?1049h[?1h=[1;29r[23m[24m[0m[H[J[?25l[29;1H"run_app.py" 19L, 572C[1;1H[35mfrom[0m flask [35mimport[0m Flask
[35mfrom[0m flask_restful [35mimport[0m Api

[35mfrom[0m be.pipelines.rest_server.rest_server [35mimport[0m ZoomResource, ComplaintResource, GmailResource

[34m#app = Flask(__name__)[0m
app = Flask(__name__, static_folder=[31m'/home/webstud/react_flask_app/build'[0m, static_url_path=[31m'/'[0m)
api = Api(app)

api.add_resource(ZoomResource, [31m'/api/time'[0m)
[34m#api.add_resource(ComplaintResource, '/complaint')
#api.add_resource(GmailResource, '/send_mail')[0m

[33mif[0m __name__ == [31m'__main__'[0m:
    [33mtry[0m:[16;8H[36mprint[0m([31m"start running the application"[0m)[17;8Happ.run()
    [33mexcept[0m [32mException[0m [33mas[0m e:[19;8H[36mprint[0m(e)
[1m[34m~                                                                                                     [21;1H~                                                                                                     [22;1H~                                                                                                     [23;1H~                                                                                                     [24;1H~                                                                                                     [25;1H~                                                                                                     [26;1H~                                                                                                     [27;1H~                                                                                                     [28;1H~                                                                                                     [0m[29;85H5,0-1[9CAll[5;1H[34h[?25h[23m[24m[0m[H[J[?25l[1;1H[35mfrom[0m flask [35mimport[0m Flask
[35mfrom[0m flask_restful [35mimport[0m Api

[35mfrom[0m be.pipelines.rest_server.rest_server [35mimport[0m ZoomResource, ComplaintResource, GmailResource

[34m#app = Flask(__name__)[0m
app = Flask(__name__, static_folder=[31m'/home/webstud/react_flask_app/build'[0m, static_url_path=[31m'/'[0m)
api = Api(app)

api.add_resource(ZoomResource, [31m'/api/time'[0m)
[34m#api.add_resource(ComplaintResource, '/complaint')
#api.add_resource(GmailResource, '/send_mail')[0m

[33mif[0m __name__ == [31m'__main__'[0m:
    [33mtry[0m:[16;8H[36mprint[0m([31m"start running the application"[0m)[17;8Happ.run()
    [33mexcept[0m [32mException[0m [33mas[0m e:[19;8H[36mprint[0m(e)
[1m[34m~                                                                                                     [21;1H~                                                                                                     [22;1H~                                                                                                     [23;1H~                                                                                                     [24;1H~                                                                                                     [25;1H~                                                                                                     [26;1H~                                                                                                     [27;1H~                                                                                                     [28;1H~                                                                                                     [0m[29;85H5,0-1[9CAll[5;1H[34h[?25h[?25l[29;85H6,1  [6;1H[34h[?25h[?25l[29;75H^@[6;1H[29;75H  [7;1H[29;85H7[7;1H[34h[?25h[?25l[29;1HType  :qa  and press <Enter> to exit Vim[29;85H[K[29;85H7,1[11CAll[7;1H[34h[?25h[?25l[29;85H[K[29;85H7,1[11CAll[7;1H[34h[?25h[?25l[29;85H[K[29;85H7,1[11CAll[7;1H[34h[?25h[?25l[29;85H[K[29;85H7,1[11CAll[7;1H[34h[?25h[?25l[29;75H^M[7;1H[29;75H  [8;1H[29;85H8[8;1H[34h[?25h[?25l[29;75H^M[8;1H[29;75H  [9;1H[29;85H9,0-1[9;1H[34h[?25h[?25l[29;75H^M[9;1H[29;75H  [10;1H[29;85H10,1 [10;1H[34h[?25h[?25l[29;75H^M[10;1H[29;75H  [11;1H[29;86H1[11;1H[34h[?25h[?25l[29;75H^M[11;1H[29;75H  [12;1H[29;86H2[12;1H[34h[?25h[?25l[29;85H[K[29;85H12,1[10CAll[12;1H[34h[?25h[?25l[29;75H^V[12;1H[29;75H1x1[12;1H[29;1H[1m-- VISUAL BLOCK --[0m[29;19H[K[29;75H1x1[12;1H[29;85H12,1[10CAll[12;1H[34h[?25h[?25l[29;75H   [12;1H[29;1H[K[29;85H12,1[10CAll[12;1H[34h[?25h[?25l[29;1HType  :qa  and press <Enter> to exit Vim[29;85H[K[29;85H12,1[10CAll[12;1H[34h[?25h[?25l[29;85H[K[29;85H12,1[10CAll[12;1H[34h[?25h[?25l[29;85H[K[29;85H12,1[10CAll[12;1H[34h[?25h[?25l[29;75H^M[12;1H[29;75H  [13;1H[29;86H3,0-1[13;1H[34h[?25h[?25l[29;75H^M[13;1H[29;75H  [14;1H[29;86H4,1  [14;1H[34h[?25h[?25l[29;75H^M[14;1H[29;75H  [15;5H[29;86H5,5[15;5H[34h[?25h[?25l[29;75H^M[15;5H[29;75H  [16;8H[29;86H6,8[16;8H[34h[?25h[?25l[29;75H^M[16;8H[29;75H  [17;8H[29;86H7[17;8H[34h[?25h[?25l[29;75H^M[17;8H[29;75H  [18;5H[29;86H8,5[18;5H[34h[?25h[34h[?25h[29;1H[?1l>[?1049lVim: Caught deadly signal HUP
Vim: Finished.
[29;1H